# JRE version: OpenJDK Runtime Environment (8.0_412-b08) (build 1.8.0_412-b08)
# Java VM: OpenJDK 64-Bit Server VM (25.412-b08 mixed mode windows-amd64 compressed oops)
Heap:
 PSYoungGen      total 962048K, used 652864K [0x000000076c380000, 0x00000007af800000, 0x00000007c0000000)
  eden space 902656K, 65% used [0x000000076c380000,0x0000000790757e48,0x00000007a3500000)
  from space 59392K, 99% used [0x00000007abe00000,0x00000007af7b8500,0x00000007af800000)
  to   space 72704K, 0% used [0x00000007a6a00000,0x00000007a6a00000,0x00000007ab100000)
 ParOldGen       total 412672K, used 190957K [0x00000006c4a00000, 0x00000006ddd00000, 0x000000076c380000)
  object space 412672K, 46% used [0x00000006c4a00000,0x00000006d047b5b8,0x00000006ddd00000)
 Metaspace       used 71743K, capacity 72907K, committed 73176K, reserved 1112064K
  class space    used 10393K, capacity 10751K, committed 10752K, reserved 1048576K
GC Heap History (10 events):
Event: 10.418 GC heap before
{Heap before GC invocations=18 (full 3):
 PSYoungGen      total 661504K, used 634416K [0x000000076c380000, 0x0000000799d00000, 0x00000007c0000000)
  eden space 601600K, 100% used [0x000000076c380000,0x0000000790f00000,0x0000000790f00000)
  from space 59904K, 54% used [0x0000000796280000,0x000000079828c0e8,0x0000000799d00000)
  to   space 72704K, 0% used [0x0000000790f00000,0x0000000790f00000,0x0000000795600000)
 ParOldGen       total 242688K, used 160997K [0x00000006c4a00000, 0x00000006d3700000, 0x000000076c380000)
  object space 242688K, 66% used [0x00000006c4a00000,0x00000006ce7395b0,0x00000006d3700000)
 Metaspace       used 54768K, capacity 55553K, committed 55896K, reserved 1097728K
  class space    used 7319K, capacity 7530K, committed 7552K, reserved 1048576K
Event: 10.434 GC heap after
Heap after GC invocations=18 (full 3):
 PSYoungGen      total 674304K, used 41365K [0x000000076c380000, 0x00000007a4700000, 0x00000007c0000000)
  eden space 601600K, 0% used [0x000000076c380000,0x000000076c380000,0x0000000790f00000)
  from space 72704K, 56% used [0x0000000790f00000,0x0000000793765428,0x0000000795600000)
  to   space 72192K, 0% used [0x00000007a0080000,0x00000007a0080000,0x00000007a4700000)
 ParOldGen       total 242688K, used 178912K [0x00000006c4a00000, 0x00000006d3700000, 0x000000076c380000)
  object space 242688K, 73% used [0x00000006c4a00000,0x00000006cf8b82a0,0x00000006d3700000)
 Metaspace       used 54768K, capacity 55553K, committed 55896K, reserved 1097728K
  class space    used 7319K, capacity 7530K, committed 7552K, reserved 1048576K
}
Event: 11.693 GC heap before
{Heap before GC invocations=19 (full 3):
 PSYoungGen      total 674304K, used 642965K [0x000000076c380000, 0x00000007a4700000, 0x00000007c0000000)
  eden space 601600K, 100% used [0x000000076c380000,0x0000000790f00000,0x0000000790f00000)
  from space 72704K, 56% used [0x0000000790f00000,0x0000000793765428,0x0000000795600000)
  to   space 72192K, 0% used [0x00000007a0080000,0x00000007a0080000,0x00000007a4700000)
 ParOldGen       total 242688K, used 178912K [0x00000006c4a00000, 0x00000006d3700000, 0x000000076c380000)
  object space 242688K, 73% used [0x00000006c4a00000,0x00000006cf8b82a0,0x00000006d3700000)
 Metaspace       used 58919K, capacity 59825K, committed 60248K, reserved 1101824K
  class space    used 8053K, capacity 8310K, committed 8320K, reserved 1048576K
Event: 11.709 GC heap after
Heap after GC invocations=19 (full 3):
 PSYoungGen      total 820224K, used 34887K [0x000000076c380000, 0x00000007a3580000, 0x00000007c0000000)
  eden space 765952K, 0% used [0x000000076c380000,0x000000076c380000,0x000000079af80000)
  from space 54272K, 64% used [0x00000007a0080000,0x00000007a2291db0,0x00000007a3580000)
  to   space 68608K, 0% used [0x000000079af80000,0x000000079af80000,0x000000079f280000)
 ParOldGen       total 242688K, used 210193K [0x00000006c4a00000, 0x00000006d3700000, 0x000000076c380000)
  object space 242688K, 86% used [0x00000006c4a00000,0x00000006d1744750,0x00000006d3700000)
 Metaspace       used 58919K, capacity 59825K, committed 60248K, reserved 1101824K
  class space    used 8053K, capacity 8310K, committed 8320K, reserved 1048576K
}
Event: 11.709 GC heap before
{Heap before GC invocations=20 (full 4):
 PSYoungGen      total 820224K, used 34887K [0x000000076c380000, 0x00000007a3580000, 0x00000007c0000000)
  eden space 765952K, 0% used [0x000000076c380000,0x000000076c380000,0x000000079af80000)
  from space 54272K, 64% used [0x00000007a0080000,0x00000007a2291db0,0x00000007a3580000)
  to   space 68608K, 0% used [0x000000079af80000,0x000000079af80000,0x000000079f280000)
 ParOldGen       total 242688K, used 210193K [0x00000006c4a00000, 0x00000006d3700000, 0x000000076c380000)
  object space 242688K, 86% used [0x00000006c4a00000,0x00000006d1744750,0x00000006d3700000)
 Metaspace       used 58919K, capacity 59825K, committed 60248K, reserved 1101824K
  class space    used 8053K, capacity 8310K, committed 8320K, reserved 1048576K
Event: 11.798 GC heap after
Heap after GC invocations=20 (full 4):
 PSYoungGen      total 820224K, used 0K [0x000000076c380000, 0x00000007a3580000, 0x00000007c0000000)
  eden space 765952K, 0% used [0x000000076c380000,0x000000076c380000,0x000000079af80000)
  from space 54272K, 0% used [0x00000007a0080000,0x00000007a0080000,0x00000007a3580000)
  to   space 68608K, 0% used [0x000000079af80000,0x000000079af80000,0x000000079f280000)
 ParOldGen       total 412672K, used 190941K [0x00000006c4a00000, 0x00000006ddd00000, 0x000000076c380000)
  object space 412672K, 46% used [0x00000006c4a00000,0x00000006d04775b8,0x00000006ddd00000)
 Metaspace       used 58906K, capacity 59801K, committed 60248K, reserved 1101824K
  class space    used 8051K, capacity 8306K, committed 8320K, reserved 1048576K
}
Event: 13.307 GC heap before
{Heap before GC invocations=21 (full 4):
 PSYoungGen      total 820224K, used 765952K [0x000000076c380000, 0x00000007a3580000, 0x00000007c0000000)
  eden space 765952K, 100% used [0x000000076c380000,0x000000079af80000,0x000000079af80000)
  from space 54272K, 0% used [0x00000007a0080000,0x00000007a0080000,0x00000007a3580000)
  to   space 68608K, 0% used [0x000000079af80000,0x000000079af80000,0x000000079f280000)
 ParOldGen       total 412672K, used 190941K [0x00000006c4a00000, 0x00000006ddd00000, 0x000000076c380000)
  object space 412672K, 46% used [0x00000006c4a00000,0x00000006d04775b8,0x00000006ddd00000)
 Metaspace       used 63721K, capacity 64655K, committed 65112K, reserved 1105920K
  class space    used 9002K, capacity 9265K, committed 9344K, reserved 1048576K
Event: 13.319 GC heap after
Heap after GC invocations=21 (full 4):
 PSYoungGen      total 834560K, used 36186K [0x000000076c380000, 0x00000007aff00000, 0x00000007c0000000)
  eden space 765952K, 0% used [0x000000076c380000,0x000000076c380000,0x000000079af80000)
  from space 68608K, 52% used [0x000000079af80000,0x000000079d2d6bf0,0x000000079f280000)
  to   space 66560K, 0% used [0x00000007abe00000,0x00000007abe00000,0x00000007aff00000)
 ParOldGen       total 412672K, used 190949K [0x00000006c4a00000, 0x00000006ddd00000, 0x000000076c380000)
  object space 412672K, 46% used [0x00000006c4a00000,0x00000006d04795b8,0x00000006ddd00000)
 Metaspace       used 63721K, capacity 64655K, committed 65112K, reserved 1105920K
  class space    used 9002K, capacity 9265K, committed 9344K, reserved 1048576K
}
Event: 14.437 GC heap before
{Heap before GC invocations=22 (full 4):
 PSYoungGen      total 834560K, used 802138K [0x000000076c380000, 0x00000007aff00000, 0x00000007c0000000)
  eden space 765952K, 100% used [0x000000076c380000,0x000000079af80000,0x000000079af80000)
  from space 68608K, 52% used [0x000000079af80000,0x000000079d2d6bf0,0x000000079f280000)
  to   space 66560K, 0% used [0x00000007abe00000,0x00000007abe00000,0x00000007aff00000)
 ParOldGen       total 412672K, used 190949K [0x00000006c4a00000, 0x00000006ddd00000, 0x000000076c380000)
  object space 412672K, 46% used [0x00000006c4a00000,0x00000006d04795b8,0x00000006ddd00000)
 Metaspace       used 68013K, capacity 69027K, committed 69336K, reserved 1107968K
  class space    used 9875K, capacity 10201K, committed 10240K, reserved 1048576K
Event: 14.453 GC heap after
Heap after GC invocations=22 (full 4):
 PSYoungGen      total 962048K, used 59105K [0x000000076c380000, 0x00000007af800000, 0x00000007c0000000)
  eden space 902656K, 0% used [0x000000076c380000,0x000000076c380000,0x00000007a3500000)
  from space 59392K, 99% used [0x00000007abe00000,0x00000007af7b8500,0x00000007af800000)
  to   space 72704K, 0% used [0x00000007a6a00000,0x00000007a6a00000,0x00000007ab100000)
 ParOldGen       total 412672K, used 190957K [0x00000006c4a00000, 0x00000006ddd00000, 0x000000076c380000)
  object space 412672K, 46% used [0x00000006c4a00000,0x00000006d047b5b8,0x00000006ddd00000)
 Metaspace       used 68013K, capacity 69027K, committed 69336K, reserved 1107968K
  class space    used 9875K, capacity 10201K, committed 10240K, reserved 1048576K
}

