# JRE version: OpenJDK Runtime Environment (8.0_412-b08) (build 1.8.0_412-b08)
# Java VM: OpenJDK 64-Bit Server VM (25.412-b08 mixed mode windows-amd64 compressed oops)
Heap:
 PSYoungGen      total 936960K, used 338531K [0x000000076c380000, 0x00000007aef80000, 0x00000007c0000000)
  eden space 884224K, 32% used [0x000000076c380000,0x000000077dab3598,0x00000007a2300000)
  from space 52736K, 99% used [0x00000007abc00000,0x00000007aef657b0,0x00000007aef80000)
  to   space 83456K, 0% used [0x00000007a4c80000,0x00000007a4c80000,0x00000007a9e00000)
 ParOldGen       total 413184K, used 197857K [0x00000006c4a00000, 0x00000006ddd80000, 0x000000076c380000)
  object space 413184K, 47% used [0x00000006c4a00000,0x00000006d0b38778,0x00000006ddd80000)
 Metaspace       used 71780K, capacity 72901K, committed 73176K, reserved 1112064K
  class space    used 10406K, capacity 10749K, committed 10752K, reserved 1048576K
GC Heap History (10 events):
Event: 12.644 GC heap before
{Heap before GC invocations=18 (full 3):
 PSYoungGen      total 660992K, used 643387K [0x000000076c380000, 0x0000000799b80000, 0x00000007c0000000)
  eden space 607232K, 100% used [0x000000076c380000,0x0000000791480000,0x0000000791480000)
  from space 53760K, 67% used [0x0000000796700000,0x0000000798a4ef18,0x0000000799b80000)
  to   space 69120K, 0% used [0x0000000791480000,0x0000000791480000,0x0000000795800000)
 ParOldGen       total 245248K, used 181098K [0x00000006c4a00000, 0x00000006d3980000, 0x000000076c380000)
  object space 245248K, 73% used [0x00000006c4a00000,0x00000006cfadaa30,0x00000006d3980000)
 Metaspace       used 58204K, capacity 58969K, committed 59352K, reserved 1099776K
  class space    used 7948K, capacity 8169K, committed 8192K, reserved 1048576K
Event: 12.665 GC heap after
Heap after GC invocations=18 (full 3):
 PSYoungGen      total 676352K, used 63090K [0x000000076c380000, 0x00000007a4300000, 0x00000007c0000000)
  eden space 607232K, 0% used [0x000000076c380000,0x000000076c380000,0x0000000791480000)
  from space 69120K, 91% used [0x0000000791480000,0x000000079521cb48,0x0000000795800000)
  to   space 76800K, 0% used [0x000000079f800000,0x000000079f800000,0x00000007a4300000)
 ParOldGen       total 245248K, used 181106K [0x00000006c4a00000, 0x00000006d3980000, 0x000000076c380000)
  object space 245248K, 73% used [0x00000006c4a00000,0x00000006cfadca30,0x00000006d3980000)
 Metaspace       used 58204K, capacity 58969K, committed 59352K, reserved 1099776K
  class space    used 7948K, capacity 8169K, committed 8192K, reserved 1048576K
}
Event: 13.465 GC heap before
{Heap before GC invocations=19 (full 3):
 PSYoungGen      total 676352K, used 456424K [0x000000076c380000, 0x00000007a4300000, 0x00000007c0000000)
  eden space 607232K, 64% used [0x000000076c380000,0x000000078439d830,0x0000000791480000)
  from space 69120K, 91% used [0x0000000791480000,0x000000079521cb48,0x0000000795800000)
  to   space 76800K, 0% used [0x000000079f800000,0x000000079f800000,0x00000007a4300000)
 ParOldGen       total 245248K, used 181106K [0x00000006c4a00000, 0x00000006d3980000, 0x000000076c380000)
  object space 245248K, 73% used [0x00000006c4a00000,0x00000006cfadca30,0x00000006d3980000)
 Metaspace       used 61060K, capacity 61963K, committed 62228K, reserved 1103872K
  class space    used 8518K, capacity 8800K, committed 8832K, reserved 1048576K
Event: 13.506 GC heap after
Heap after GC invocations=19 (full 3):
 PSYoungGen      total 830464K, used 71861K [0x000000076c380000, 0x00000007a6c80000, 0x00000007c0000000)
  eden space 753664K, 0% used [0x000000076c380000,0x000000076c380000,0x000000079a380000)
  from space 76800K, 93% used [0x000000079f800000,0x00000007a3e2d700,0x00000007a4300000)
  to   space 86528K, 0% used [0x000000079a380000,0x000000079a380000,0x000000079f800000)
 ParOldGen       total 245248K, used 181114K [0x00000006c4a00000, 0x00000006d3980000, 0x000000076c380000)
  object space 245248K, 73% used [0x00000006c4a00000,0x00000006cfadea30,0x00000006d3980000)
 Metaspace       used 61060K, capacity 61963K, committed 62228K, reserved 1103872K
  class space    used 8518K, capacity 8800K, committed 8832K, reserved 1048576K
}
Event: 13.506 GC heap before
{Heap before GC invocations=20 (full 4):
 PSYoungGen      total 830464K, used 71861K [0x000000076c380000, 0x00000007a6c80000, 0x00000007c0000000)
  eden space 753664K, 0% used [0x000000076c380000,0x000000076c380000,0x000000079a380000)
  from space 76800K, 93% used [0x000000079f800000,0x00000007a3e2d700,0x00000007a4300000)
  to   space 86528K, 0% used [0x000000079a380000,0x000000079a380000,0x000000079f800000)
 ParOldGen       total 245248K, used 181114K [0x00000006c4a00000, 0x00000006d3980000, 0x000000076c380000)
  object space 245248K, 73% used [0x00000006c4a00000,0x00000006cfadea30,0x00000006d3980000)
 Metaspace       used 61060K, capacity 61963K, committed 62228K, reserved 1103872K
  class space    used 8518K, capacity 8800K, committed 8832K, reserved 1048576K
Event: 13.738 GC heap after
Heap after GC invocations=20 (full 4):
 PSYoungGen      total 830464K, used 0K [0x000000076c380000, 0x00000007a6c80000, 0x00000007c0000000)
  eden space 753664K, 0% used [0x000000076c380000,0x000000076c380000,0x000000079a380000)
  from space 76800K, 0% used [0x000000079f800000,0x000000079f800000,0x00000007a4300000)
  to   space 86528K, 0% used [0x000000079a380000,0x000000079a380000,0x000000079f800000)
 ParOldGen       total 413184K, used 197841K [0x00000006c4a00000, 0x00000006ddd80000, 0x000000076c380000)
  object space 413184K, 47% used [0x00000006c4a00000,0x00000006d0b34778,0x00000006ddd80000)
 Metaspace       used 61046K, capacity 61933K, committed 62228K, reserved 1103872K
  class space    used 8515K, capacity 8795K, committed 8832K, reserved 1048576K
}
Event: 16.776 GC heap before
{Heap before GC invocations=21 (full 4):
 PSYoungGen      total 830464K, used 753664K [0x000000076c380000, 0x00000007a6c80000, 0x00000007c0000000)
  eden space 753664K, 100% used [0x000000076c380000,0x000000079a380000,0x000000079a380000)
  from space 76800K, 0% used [0x000000079f800000,0x000000079f800000,0x00000007a4300000)
  to   space 86528K, 0% used [0x000000079a380000,0x000000079a380000,0x000000079f800000)
 ParOldGen       total 413184K, used 197841K [0x00000006c4a00000, 0x00000006ddd80000, 0x000000076c380000)
  object space 413184K, 47% used [0x00000006c4a00000,0x00000006d0b34778,0x00000006ddd80000)
 Metaspace       used 65715K, capacity 66701K, committed 67160K, reserved 1105920K
  class space    used 9430K, capacity 9733K, committed 9856K, reserved 1048576K
Event: 16.803 GC heap after
Heap after GC invocations=21 (full 4):
 PSYoungGen      total 840192K, used 33335K [0x000000076c380000, 0x00000007b0c80000, 0x00000007c0000000)
  eden space 753664K, 0% used [0x000000076c380000,0x000000076c380000,0x000000079a380000)
  from space 86528K, 38% used [0x000000079a380000,0x000000079c40df10,0x000000079f800000)
  to   space 82432K, 0% used [0x00000007abc00000,0x00000007abc00000,0x00000007b0c80000)
 ParOldGen       total 413184K, used 197849K [0x00000006c4a00000, 0x00000006ddd80000, 0x000000076c380000)
  object space 413184K, 47% used [0x00000006c4a00000,0x00000006d0b36778,0x00000006ddd80000)
 Metaspace       used 65715K, capacity 66701K, committed 67160K, reserved 1105920K
  class space    used 9430K, capacity 9733K, committed 9856K, reserved 1048576K
}
Event: 19.140 GC heap before
{Heap before GC invocations=22 (full 4):
 PSYoungGen      total 840192K, used 786999K [0x000000076c380000, 0x00000007b0c80000, 0x00000007c0000000)
  eden space 753664K, 100% used [0x000000076c380000,0x000000079a380000,0x000000079a380000)
  from space 86528K, 38% used [0x000000079a380000,0x000000079c40df10,0x000000079f800000)
  to   space 82432K, 0% used [0x00000007abc00000,0x00000007abc00000,0x00000007b0c80000)
 ParOldGen       total 413184K, used 197849K [0x00000006c4a00000, 0x00000006ddd80000, 0x000000076c380000)
  object space 413184K, 47% used [0x00000006c4a00000,0x00000006d0b36778,0x00000006ddd80000)
 Metaspace       used 69668K, capacity 70691K, committed 71128K, reserved 1110016K
  class space    used 10150K, capacity 10470K, committed 10496K, reserved 1048576K
Event: 19.178 GC heap after
Heap after GC invocations=22 (full 4):
 PSYoungGen      total 936960K, used 52629K [0x000000076c380000, 0x00000007aef80000, 0x00000007c0000000)
  eden space 884224K, 0% used [0x000000076c380000,0x000000076c380000,0x00000007a2300000)
  from space 52736K, 99% used [0x00000007abc00000,0x00000007aef657b0,0x00000007aef80000)
  to   space 83456K, 0% used [0x00000007a4c80000,0x00000007a4c80000,0x00000007a9e00000)
 ParOldGen       total 413184K, used 197857K [0x00000006c4a00000, 0x00000006ddd80000, 0x000000076c380000)
  object space 413184K, 47% used [0x00000006c4a00000,0x00000006d0b38778,0x00000006ddd80000)
 Metaspace       used 69668K, capacity 70691K, committed 71128K, reserved 1110016K
  class space    used 10150K, capacity 10470K, committed 10496K, reserved 1048576K
}

