# JRE version: OpenJDK Runtime Environment (8.0_412-b08) (build 1.8.0_412-b08)
# Java VM: OpenJDK 64-Bit Server VM (25.412-b08 mixed mode windows-amd64 compressed oops)
Heap:
 PSYoungGen      total 852992K, used 784639K [0x000000076c380000, 0x00000007b2100000, 0x00000007c0000000)
  eden space 787968K, 92% used [0x000000076c380000,0x00000007989d7010,0x000000079c500000)
  from space 65024K, 88% used [0x000000079c500000,0x000000079fce8f80,0x00000007a0480000)
  to   space 71168K, 0% used [0x00000007adb80000,0x00000007adb80000,0x00000007b2100000)
 ParOldGen       total 409600K, used 190235K [0x00000006c4a00000, 0x00000006dda00000, 0x000000076c380000)
  object space 409600K, 46% used [0x00000006c4a00000,0x00000006d03c6c18,0x00000006dda00000)
 Metaspace       used 71916K, capacity 73029K, committed 73432K, reserved 1112064K
  class space    used 10414K, capacity 10749K, committed 10752K, reserved 1048576K
GC Heap History (10 events):
Event: 9.341 GC heap before
{Heap before GC invocations=17 (full 3):
 PSYoungGen      total 557056K, used 518428K [0x000000076c380000, 0x000000079b900000, 0x00000007c0000000)
  eden space 482304K, 100% used [0x000000076c380000,0x0000000789a80000,0x0000000789a80000)
  from space 74752K, 48% used [0x0000000789a80000,0x000000078bdc7360,0x000000078e380000)
  to   space 72192K, 0% used [0x0000000797280000,0x0000000797280000,0x000000079b900000)
 ParOldGen       total 243712K, used 163498K [0x00000006c4a00000, 0x00000006d3800000, 0x000000076c380000)
  object space 243712K, 67% used [0x00000006c4a00000,0x00000006ce9aaac8,0x00000006d3800000)
 Metaspace       used 54375K, capacity 55201K, committed 55640K, reserved 1097728K
  class space    used 7212K, capacity 7433K, committed 7552K, reserved 1048576K
Event: 9.361 GC heap after
Heap after GC invocations=17 (full 3):
 PSYoungGen      total 680960K, used 37640K [0x000000076c380000, 0x000000079ac80000, 0x00000007c0000000)
  eden space 621568K, 0% used [0x000000076c380000,0x000000076c380000,0x0000000792280000)
  from space 59392K, 63% used [0x0000000797280000,0x0000000799742158,0x000000079ac80000)
  to   space 70656K, 0% used [0x0000000792280000,0x0000000792280000,0x0000000796780000)
 ParOldGen       total 243712K, used 182627K [0x00000006c4a00000, 0x00000006d3800000, 0x000000076c380000)
  object space 243712K, 74% used [0x00000006c4a00000,0x00000006cfc58dd0,0x00000006d3800000)
 Metaspace       used 54375K, capacity 55201K, committed 55640K, reserved 1097728K
  class space    used 7212K, capacity 7433K, committed 7552K, reserved 1048576K
}
Event: 10.539 GC heap before
{Heap before GC invocations=18 (full 3):
 PSYoungGen      total 680960K, used 659208K [0x000000076c380000, 0x000000079ac80000, 0x00000007c0000000)
  eden space 621568K, 100% used [0x000000076c380000,0x0000000792280000,0x0000000792280000)
  from space 59392K, 63% used [0x0000000797280000,0x0000000799742158,0x000000079ac80000)
  to   space 70656K, 0% used [0x0000000792280000,0x0000000792280000,0x0000000796780000)
 ParOldGen       total 243712K, used 182627K [0x00000006c4a00000, 0x00000006d3800000, 0x000000076c380000)
  object space 243712K, 74% used [0x00000006c4a00000,0x00000006cfc58dd0,0x00000006d3800000)
 Metaspace       used 58384K, capacity 59253K, committed 59736K, reserved 1101824K
  class space    used 7959K, capacity 8201K, committed 8320K, reserved 1048576K
Event: 10.553 GC heap after
Heap after GC invocations=18 (full 3):
 PSYoungGen      total 692224K, used 34495K [0x000000076c380000, 0x00000007a4d00000, 0x00000007c0000000)
  eden space 621568K, 0% used [0x000000076c380000,0x000000076c380000,0x0000000792280000)
  from space 70656K, 48% used [0x0000000792280000,0x000000079442ff90,0x0000000796780000)
  to   space 67584K, 0% used [0x00000007a0b00000,0x00000007a0b00000,0x00000007a4d00000)
 ParOldGen       total 243712K, used 211131K [0x00000006c4a00000, 0x00000006d3800000, 0x000000076c380000)
  object space 243712K, 86% used [0x00000006c4a00000,0x00000006d182ee70,0x00000006d3800000)
 Metaspace       used 58384K, capacity 59253K, committed 59736K, reserved 1101824K
  class space    used 7959K, capacity 8201K, committed 8320K, reserved 1048576K
}
Event: 10.553 GC heap before
{Heap before GC invocations=19 (full 4):
 PSYoungGen      total 692224K, used 34495K [0x000000076c380000, 0x00000007a4d00000, 0x00000007c0000000)
  eden space 621568K, 0% used [0x000000076c380000,0x000000076c380000,0x0000000792280000)
  from space 70656K, 48% used [0x0000000792280000,0x000000079442ff90,0x0000000796780000)
  to   space 67584K, 0% used [0x00000007a0b00000,0x00000007a0b00000,0x00000007a4d00000)
 ParOldGen       total 243712K, used 211131K [0x00000006c4a00000, 0x00000006d3800000, 0x000000076c380000)
  object space 243712K, 86% used [0x00000006c4a00000,0x00000006d182ee70,0x00000006d3800000)
 Metaspace       used 58384K, capacity 59253K, committed 59736K, reserved 1101824K
  class space    used 7959K, capacity 8201K, committed 8320K, reserved 1048576K
Event: 10.644 GC heap after
Heap after GC invocations=19 (full 4):
 PSYoungGen      total 692224K, used 0K [0x000000076c380000, 0x00000007a4d00000, 0x00000007c0000000)
  eden space 621568K, 0% used [0x000000076c380000,0x000000076c380000,0x0000000792280000)
  from space 70656K, 0% used [0x0000000792280000,0x0000000792280000,0x0000000796780000)
  to   space 67584K, 0% used [0x00000007a0b00000,0x00000007a0b00000,0x00000007a4d00000)
 ParOldGen       total 409600K, used 190219K [0x00000006c4a00000, 0x00000006dda00000, 0x000000076c380000)
  object space 409600K, 46% used [0x00000006c4a00000,0x00000006d03c2c18,0x00000006dda00000)
 Metaspace       used 58369K, capacity 59223K, committed 59736K, reserved 1101824K
  class space    used 7956K, capacity 8196K, committed 8320K, reserved 1048576K
}
Event: 11.570 GC heap before
{Heap before GC invocations=20 (full 4):
 PSYoungGen      total 692224K, used 621568K [0x000000076c380000, 0x00000007a4d00000, 0x00000007c0000000)
  eden space 621568K, 100% used [0x000000076c380000,0x0000000792280000,0x0000000792280000)
  from space 70656K, 0% used [0x0000000792280000,0x0000000792280000,0x0000000796780000)
  to   space 67584K, 0% used [0x00000007a0b00000,0x00000007a0b00000,0x00000007a4d00000)
 ParOldGen       total 409600K, used 190219K [0x00000006c4a00000, 0x00000006dda00000, 0x000000076c380000)
  object space 409600K, 46% used [0x00000006c4a00000,0x00000006d03c2c18,0x00000006dda00000)
 Metaspace       used 62884K, capacity 63829K, committed 64216K, reserved 1103872K
  class space    used 8825K, capacity 9111K, committed 9216K, reserved 1048576K
Event: 11.578 GC heap after
Heap after GC invocations=20 (full 4):
 PSYoungGen      total 846336K, used 26792K [0x000000076c380000, 0x00000007a4400000, 0x00000007c0000000)
  eden space 787968K, 0% used [0x000000076c380000,0x000000076c380000,0x000000079c500000)
  from space 58368K, 45% used [0x00000007a0b00000,0x00000007a252a3b0,0x00000007a4400000)
  to   space 65024K, 0% used [0x000000079c500000,0x000000079c500000,0x00000007a0480000)
 ParOldGen       total 409600K, used 190227K [0x00000006c4a00000, 0x00000006dda00000, 0x000000076c380000)
  object space 409600K, 46% used [0x00000006c4a00000,0x00000006d03c4c18,0x00000006dda00000)
 Metaspace       used 62884K, capacity 63829K, committed 64216K, reserved 1103872K
  class space    used 8825K, capacity 9111K, committed 9216K, reserved 1048576K
}
Event: 12.530 GC heap before
{Heap before GC invocations=21 (full 4):
 PSYoungGen      total 846336K, used 814760K [0x000000076c380000, 0x00000007a4400000, 0x00000007c0000000)
  eden space 787968K, 100% used [0x000000076c380000,0x000000079c500000,0x000000079c500000)
  from space 58368K, 45% used [0x00000007a0b00000,0x00000007a252a3b0,0x00000007a4400000)
  to   space 65024K, 0% used [0x000000079c500000,0x000000079c500000,0x00000007a0480000)
 ParOldGen       total 409600K, used 190227K [0x00000006c4a00000, 0x00000006dda00000, 0x000000076c380000)
  object space 409600K, 46% used [0x00000006c4a00000,0x00000006d03c4c18,0x00000006dda00000)
 Metaspace       used 67022K, capacity 68045K, committed 68312K, reserved 1107968K
  class space    used 9613K, capacity 9941K, committed 9984K, reserved 1048576K
Event: 12.546 GC heap after
Heap after GC invocations=21 (full 4):
 PSYoungGen      total 852992K, used 57251K [0x000000076c380000, 0x00000007b2100000, 0x00000007c0000000)
  eden space 787968K, 0% used [0x000000076c380000,0x000000076c380000,0x000000079c500000)
  from space 65024K, 88% used [0x000000079c500000,0x000000079fce8f80,0x00000007a0480000)
  to   space 71168K, 0% used [0x00000007adb80000,0x00000007adb80000,0x00000007b2100000)
 ParOldGen       total 409600K, used 190235K [0x00000006c4a00000, 0x00000006dda00000, 0x000000076c380000)
  object space 409600K, 46% used [0x00000006c4a00000,0x00000006d03c6c18,0x00000006dda00000)
 Metaspace       used 67022K, capacity 68045K, committed 68312K, reserved 1107968K
  class space    used 9613K, capacity 9941K, committed 9984K, reserved 1048576K
}

