# JRE version: OpenJDK Runtime Environment (8.0_412-b08) (build 1.8.0_412-b08)
# Java VM: OpenJDK 64-Bit Server VM (25.412-b08 mixed mode windows-amd64 compressed oops)
Heap:
 PSYoungGen      total 801280K, used 185402K [0x000000076e300000, 0x00000007b2380000, 0x00000007c0000000)
  eden space 739840K, 20% used [0x000000076e300000,0x00000007776b4560,0x000000079b580000)
  from space 61440K, 55% used [0x000000079b580000,0x000000079d6da508,0x000000079f180000)
  to   space 60928K, 0% used [0x00000007ae800000,0x00000007ae800000,0x00000007b2380000)
 ParOldGen       total 215552K, used 112467K [0x00000006ca800000, 0x00000006d7a80000, 0x000000076e300000)
  object space 215552K, 52% used [0x00000006ca800000,0x00000006d15d4fb0,0x00000006d7a80000)
 Metaspace       used 53123K, capacity 53695K, committed 54220K, reserved 1095680K
  class space    used 7142K, capacity 7353K, committed 7372K, reserved 1048576K
GC Heap History (10 events):
Event: 4.732 GC heap before
{Heap before GC invocations=12 (full 2):
 PSYoungGen      total 408576K, used 81371K [0x000000076e300000, 0x0000000797d80000, 0x00000007c0000000)
  eden space 369152K, 11% used [0x000000076e300000,0x0000000770bfa2c8,0x0000000784b80000)
  from space 39424K, 99% used [0x0000000784b80000,0x00000007871fc9b0,0x0000000787200000)
  to   space 48128K, 0% used [0x0000000794e80000,0x0000000794e80000,0x0000000797d80000)
 ParOldGen       total 145920K, used 44017K [0x00000006ca800000, 0x00000006d3680000, 0x000000076e300000)
  object space 145920K, 30% used [0x00000006ca800000,0x00000006cd2fc558,0x00000006d3680000)
 Metaspace       used 36723K, capacity 37139K, committed 37592K, reserved 1081344K
  class space    used 4852K, capacity 4969K, committed 4992K, reserved 1048576K
Event: 4.743 GC heap after
Heap after GC invocations=12 (full 2):
 PSYoungGen      total 535040K, used 24186K [0x000000076e300000, 0x0000000796680000, 0x00000007c0000000)
  eden space 510464K, 0% used [0x000000076e300000,0x000000076e300000,0x000000078d580000)
  from space 24576K, 98% used [0x0000000794e80000,0x000000079661e8e0,0x0000000796680000)
  to   space 46080K, 0% used [0x0000000790c80000,0x0000000790c80000,0x0000000793980000)
 ParOldGen       total 145920K, used 60192K [0x00000006ca800000, 0x00000006d3680000, 0x000000076e300000)
  object space 145920K, 41% used [0x00000006ca800000,0x00000006ce2c82a8,0x00000006d3680000)
 Metaspace       used 36723K, capacity 37139K, committed 37592K, reserved 1081344K
  class space    used 4852K, capacity 4969K, committed 4992K, reserved 1048576K
}
Event: 4.788 GC heap before
{Heap before GC invocations=13 (full 2):
 PSYoungGen      total 535040K, used 38076K [0x000000076e300000, 0x0000000796680000, 0x00000007c0000000)
  eden space 510464K, 2% used [0x000000076e300000,0x000000076f0908a0,0x000000078d580000)
  from space 24576K, 98% used [0x0000000794e80000,0x000000079661e8e0,0x0000000796680000)
  to   space 46080K, 0% used [0x0000000790c80000,0x0000000790c80000,0x0000000793980000)
 ParOldGen       total 145920K, used 60192K [0x00000006ca800000, 0x00000006d3680000, 0x000000076e300000)
  object space 145920K, 41% used [0x00000006ca800000,0x00000006ce2c82a8,0x00000006d3680000)
 Metaspace       used 37064K, capacity 37405K, committed 37668K, reserved 1081344K
  class space    used 4914K, capacity 5036K, committed 5068K, reserved 1048576K
Event: 4.799 GC heap after
Heap after GC invocations=13 (full 2):
 PSYoungGen      total 612864K, used 1271K [0x000000076e300000, 0x00000007a2000000, 0x00000007c0000000)
  eden space 566784K, 0% used [0x000000076e300000,0x000000076e300000,0x0000000790c80000)
  from space 46080K, 2% used [0x0000000790c80000,0x0000000790dbdc68,0x0000000793980000)
  to   space 47616K, 0% used [0x000000079f180000,0x000000079f180000,0x00000007a2000000)
 ParOldGen       total 145920K, used 83007K [0x00000006ca800000, 0x00000006d3680000, 0x000000076e300000)
  object space 145920K, 56% used [0x00000006ca800000,0x00000006cf90fe10,0x00000006d3680000)
 Metaspace       used 37064K, capacity 37405K, committed 37668K, reserved 1081344K
  class space    used 4914K, capacity 5036K, committed 5068K, reserved 1048576K
}
Event: 4.799 GC heap before
{Heap before GC invocations=14 (full 3):
 PSYoungGen      total 612864K, used 1271K [0x000000076e300000, 0x00000007a2000000, 0x00000007c0000000)
  eden space 566784K, 0% used [0x000000076e300000,0x000000076e300000,0x0000000790c80000)
  from space 46080K, 2% used [0x0000000790c80000,0x0000000790dbdc68,0x0000000793980000)
  to   space 47616K, 0% used [0x000000079f180000,0x000000079f180000,0x00000007a2000000)
 ParOldGen       total 145920K, used 83007K [0x00000006ca800000, 0x00000006d3680000, 0x000000076e300000)
  object space 145920K, 56% used [0x00000006ca800000,0x00000006cf90fe10,0x00000006d3680000)
 Metaspace       used 37064K, capacity 37405K, committed 37668K, reserved 1081344K
  class space    used 4914K, capacity 5036K, committed 5068K, reserved 1048576K
Event: 4.937 GC heap after
Heap after GC invocations=14 (full 3):
 PSYoungGen      total 612864K, used 0K [0x000000076e300000, 0x00000007a2000000, 0x00000007c0000000)
  eden space 566784K, 0% used [0x000000076e300000,0x000000076e300000,0x0000000790c80000)
  from space 46080K, 0% used [0x0000000790c80000,0x0000000790c80000,0x0000000793980000)
  to   space 47616K, 0% used [0x000000079f180000,0x000000079f180000,0x00000007a2000000)
 ParOldGen       total 215552K, used 76423K [0x00000006ca800000, 0x00000006d7a80000, 0x000000076e300000)
  object space 215552K, 35% used [0x00000006ca800000,0x00000006cf2a1f28,0x00000006d7a80000)
 Metaspace       used 37064K, capacity 37405K, committed 37668K, reserved 1081344K
  class space    used 4914K, capacity 5036K, committed 5068K, reserved 1048576K
}
Event: 7.117 GC heap before
{Heap before GC invocations=15 (full 3):
 PSYoungGen      total 612864K, used 566784K [0x000000076e300000, 0x00000007a2000000, 0x00000007c0000000)
  eden space 566784K, 100% used [0x000000076e300000,0x0000000790c80000,0x0000000790c80000)
  from space 46080K, 0% used [0x0000000790c80000,0x0000000790c80000,0x0000000793980000)
  to   space 47616K, 0% used [0x000000079f180000,0x000000079f180000,0x00000007a2000000)
 ParOldGen       total 215552K, used 76423K [0x00000006ca800000, 0x00000006d7a80000, 0x000000076e300000)
  object space 215552K, 35% used [0x00000006ca800000,0x00000006cf2a1f28,0x00000006d7a80000)
 Metaspace       used 42598K, capacity 43007K, committed 43468K, reserved 1087488K
  class space    used 5657K, capacity 5813K, committed 5836K, reserved 1048576K
Event: 7.148 GC heap after
Heap after GC invocations=15 (full 3):
 PSYoungGen      total 787456K, used 47586K [0x000000076e300000, 0x00000007a5580000, 0x00000007c0000000)
  eden space 739840K, 0% used [0x000000076e300000,0x000000076e300000,0x000000079b580000)
  from space 47616K, 99% used [0x000000079f180000,0x00000007a1ff8b08,0x00000007a2000000)
  to   space 61440K, 0% used [0x000000079b580000,0x000000079b580000,0x000000079f180000)
 ParOldGen       total 215552K, used 93814K [0x00000006ca800000, 0x00000006d7a80000, 0x000000076e300000)
  object space 215552K, 43% used [0x00000006ca800000,0x00000006d039da60,0x00000006d7a80000)
 Metaspace       used 42598K, capacity 43007K, committed 43468K, reserved 1087488K
  class space    used 5657K, capacity 5813K, committed 5836K, reserved 1048576K
}
Event: 10.157 GC heap before
{Heap before GC invocations=16 (full 3):
 PSYoungGen      total 787456K, used 787426K [0x000000076e300000, 0x00000007a5580000, 0x00000007c0000000)
  eden space 739840K, 100% used [0x000000076e300000,0x000000079b580000,0x000000079b580000)
  from space 47616K, 99% used [0x000000079f180000,0x00000007a1ff8b08,0x00000007a2000000)
  to   space 61440K, 0% used [0x000000079b580000,0x000000079b580000,0x000000079f180000)
 ParOldGen       total 215552K, used 93814K [0x00000006ca800000, 0x00000006d7a80000, 0x000000076e300000)
  object space 215552K, 43% used [0x00000006ca800000,0x00000006d039da60,0x00000006d7a80000)
 Metaspace       used 52195K, capacity 52789K, committed 53452K, reserved 1095680K
  class space    used 7051K, capacity 7248K, committed 7372K, reserved 1048576K
Event: 10.177 GC heap after
Heap after GC invocations=16 (full 3):
 PSYoungGen      total 801280K, used 34153K [0x000000076e300000, 0x00000007b2380000, 0x00000007c0000000)
  eden space 739840K, 0% used [0x000000076e300000,0x000000076e300000,0x000000079b580000)
  from space 61440K, 55% used [0x000000079b580000,0x000000079d6da508,0x000000079f180000)
  to   space 60928K, 0% used [0x00000007ae800000,0x00000007ae800000,0x00000007b2380000)
 ParOldGen       total 215552K, used 112467K [0x00000006ca800000, 0x00000006d7a80000, 0x000000076e300000)
  object space 215552K, 52% used [0x00000006ca800000,0x00000006d15d4fb0,0x00000006d7a80000)
 Metaspace       used 52195K, capacity 52789K, committed 53452K, reserved 1095680K
  class space    used 7051K, capacity 7248K, committed 7372K, reserved 1048576K
}

