# JRE version: OpenJDK Runtime Environment (8.0_412-b08) (build 1.8.0_412-b08)
# Java VM: OpenJDK 64-Bit Server VM (25.412-b08 mixed mode windows-amd64 compressed oops)
Heap:
 PSYoungGen      total 944640K, used 407961K [0x000000076c380000, 0x00000007b4a00000, 0x00000007c0000000)
  eden space 838656K, 42% used [0x000000076c380000,0x0000000781cc6f68,0x000000079f680000)
  from space 105984K, 51% used [0x000000079f680000,0x00000007a2b9f798,0x00000007a5e00000)
  to   space 103424K, 0% used [0x00000007ae500000,0x00000007ae500000,0x00000007b4a00000)
 ParOldGen       total 409600K, used 197850K [0x00000006c4a00000, 0x00000006dda00000, 0x000000076c380000)
  object space 409600K, 48% used [0x00000006c4a00000,0x00000006d0b36b40,0x00000006dda00000)
 Metaspace       used 71804K, capacity 72907K, committed 73176K, reserved 1112064K
  class space    used 10393K, capacity 10751K, committed 10752K, reserved 1048576K
GC Heap History (10 events):
Event: 8.614 GC heap before
{Heap before GC invocations=19 (full 3):
 PSYoungGen      total 645632K, used 623228K [0x000000076c380000, 0x00000007a2a00000, 0x00000007c0000000)
  eden space 565760K, 100% used [0x000000076c380000,0x000000078ec00000,0x000000078ec00000)
  from space 79872K, 71% used [0x000000078ec00000,0x000000079241f3f0,0x0000000793a00000)
  to   space 83968K, 0% used [0x000000079d800000,0x000000079d800000,0x00000007a2a00000)
 ParOldGen       total 243712K, used 149484K [0x00000006c4a00000, 0x00000006d3800000, 0x000000076c380000)
  object space 243712K, 61% used [0x00000006c4a00000,0x00000006cdbfb358,0x00000006d3800000)
 Metaspace       used 57970K, capacity 58821K, committed 59096K, reserved 1099776K
  class space    used 7914K, capacity 8166K, committed 8192K, reserved 1048576K
Event: 8.633 GC heap after
Heap after GC invocations=19 (full 3):
 PSYoungGen      total 795136K, used 81474K [0x000000076c380000, 0x00000007a3b00000, 0x00000007c0000000)
  eden space 711168K, 0% used [0x000000076c380000,0x000000076c380000,0x0000000797a00000)
  from space 83968K, 97% used [0x000000079d800000,0x00000007a2790ad0,0x00000007a2a00000)
  to   space 96256K, 0% used [0x0000000797a00000,0x0000000797a00000,0x000000079d800000)
 ParOldGen       total 243712K, used 149492K [0x00000006c4a00000, 0x00000006d3800000, 0x000000076c380000)
  object space 243712K, 61% used [0x00000006c4a00000,0x00000006cdbfd358,0x00000006d3800000)
 Metaspace       used 57970K, capacity 58821K, committed 59096K, reserved 1099776K
  class space    used 7914K, capacity 8166K, committed 8192K, reserved 1048576K
}
Event: 9.253 GC heap before
{Heap before GC invocations=20 (full 3):
 PSYoungGen      total 795136K, used 514549K [0x000000076c380000, 0x00000007a3b00000, 0x00000007c0000000)
  eden space 711168K, 60% used [0x000000076c380000,0x0000000786a6ccc0,0x0000000797a00000)
  from space 83968K, 97% used [0x000000079d800000,0x00000007a2790ad0,0x00000007a2a00000)
  to   space 96256K, 0% used [0x0000000797a00000,0x0000000797a00000,0x000000079d800000)
 ParOldGen       total 243712K, used 149492K [0x00000006c4a00000, 0x00000006d3800000, 0x000000076c380000)
  object space 243712K, 61% used [0x00000006c4a00000,0x00000006cdbfd358,0x00000006d3800000)
 Metaspace       used 61142K, capacity 61971K, committed 62228K, reserved 1103872K
  class space    used 8532K, capacity 8803K, committed 8832K, reserved 1048576K
Event: 9.273 GC heap after
Heap after GC invocations=20 (full 3):
 PSYoungGen      total 807424K, used 92012K [0x000000076c380000, 0x00000007b0d80000, 0x00000007c0000000)
  eden space 711168K, 0% used [0x000000076c380000,0x000000076c380000,0x0000000797a00000)
  from space 96256K, 95% used [0x0000000797a00000,0x000000079d3db110,0x000000079d800000)
  to   space 109568K, 0% used [0x00000007aa280000,0x00000007aa280000,0x00000007b0d80000)
 ParOldGen       total 243712K, used 149500K [0x00000006c4a00000, 0x00000006d3800000, 0x000000076c380000)
  object space 243712K, 61% used [0x00000006c4a00000,0x00000006cdbff358,0x00000006d3800000)
 Metaspace       used 61142K, capacity 61971K, committed 62228K, reserved 1103872K
  class space    used 8532K, capacity 8803K, committed 8832K, reserved 1048576K
}
Event: 9.273 GC heap before
{Heap before GC invocations=21 (full 4):
 PSYoungGen      total 807424K, used 92012K [0x000000076c380000, 0x00000007b0d80000, 0x00000007c0000000)
  eden space 711168K, 0% used [0x000000076c380000,0x000000076c380000,0x0000000797a00000)
  from space 96256K, 95% used [0x0000000797a00000,0x000000079d3db110,0x000000079d800000)
  to   space 109568K, 0% used [0x00000007aa280000,0x00000007aa280000,0x00000007b0d80000)
 ParOldGen       total 243712K, used 149500K [0x00000006c4a00000, 0x00000006d3800000, 0x000000076c380000)
  object space 243712K, 61% used [0x00000006c4a00000,0x00000006cdbff358,0x00000006d3800000)
 Metaspace       used 61142K, capacity 61971K, committed 62228K, reserved 1103872K
  class space    used 8532K, capacity 8803K, committed 8832K, reserved 1048576K
Event: 9.375 GC heap after
Heap after GC invocations=21 (full 4):
 PSYoungGen      total 807424K, used 0K [0x000000076c380000, 0x00000007b0d80000, 0x00000007c0000000)
  eden space 711168K, 0% used [0x000000076c380000,0x000000076c380000,0x0000000797a00000)
  from space 96256K, 0% used [0x0000000797a00000,0x0000000797a00000,0x000000079d800000)
  to   space 109568K, 0% used [0x00000007aa280000,0x00000007aa280000,0x00000007b0d80000)
 ParOldGen       total 409600K, used 197834K [0x00000006c4a00000, 0x00000006dda00000, 0x000000076c380000)
  object space 409600K, 48% used [0x00000006c4a00000,0x00000006d0b32b40,0x00000006dda00000)
 Metaspace       used 61129K, capacity 61947K, committed 62228K, reserved 1103872K
  class space    used 8530K, capacity 8799K, committed 8832K, reserved 1048576K
}
Event: 10.485 GC heap before
{Heap before GC invocations=22 (full 4):
 PSYoungGen      total 807424K, used 711168K [0x000000076c380000, 0x00000007b0d80000, 0x00000007c0000000)
  eden space 711168K, 100% used [0x000000076c380000,0x0000000797a00000,0x0000000797a00000)
  from space 96256K, 0% used [0x0000000797a00000,0x0000000797a00000,0x000000079d800000)
  to   space 109568K, 0% used [0x00000007aa280000,0x00000007aa280000,0x00000007b0d80000)
 ParOldGen       total 409600K, used 197834K [0x00000006c4a00000, 0x00000006dda00000, 0x000000076c380000)
  object space 409600K, 48% used [0x00000006c4a00000,0x00000006d0b32b40,0x00000006dda00000)
 Metaspace       used 65606K, capacity 66599K, committed 67032K, reserved 1105920K
  class space    used 9402K, capacity 9701K, committed 9728K, reserved 1048576K
Event: 10.494 GC heap after
Heap after GC invocations=22 (full 4):
 PSYoungGen      total 874496K, used 30775K [0x000000076c380000, 0x00000007ac580000, 0x00000007c0000000)
  eden space 838656K, 0% used [0x000000076c380000,0x000000076c380000,0x000000079f680000)
  from space 35840K, 85% used [0x00000007aa280000,0x00000007ac08de58,0x00000007ac580000)
  to   space 105984K, 0% used [0x000000079f680000,0x000000079f680000,0x00000007a5e00000)
 ParOldGen       total 409600K, used 197842K [0x00000006c4a00000, 0x00000006dda00000, 0x000000076c380000)
  object space 409600K, 48% used [0x00000006c4a00000,0x00000006d0b34b40,0x00000006dda00000)
 Metaspace       used 65606K, capacity 66599K, committed 67032K, reserved 1105920K
  class space    used 9402K, capacity 9701K, committed 9728K, reserved 1048576K
}
Event: 11.437 GC heap before
{Heap before GC invocations=23 (full 4):
 PSYoungGen      total 874496K, used 869431K [0x000000076c380000, 0x00000007ac580000, 0x00000007c0000000)
  eden space 838656K, 100% used [0x000000076c380000,0x000000079f680000,0x000000079f680000)
  from space 35840K, 85% used [0x00000007aa280000,0x00000007ac08de58,0x00000007ac580000)
  to   space 105984K, 0% used [0x000000079f680000,0x000000079f680000,0x00000007a5e00000)
 ParOldGen       total 409600K, used 197842K [0x00000006c4a00000, 0x00000006dda00000, 0x000000076c380000)
  object space 409600K, 48% used [0x00000006c4a00000,0x00000006d0b34b40,0x00000006dda00000)
 Metaspace       used 70121K, capacity 71147K, committed 71512K, reserved 1110016K
  class space    used 10228K, capacity 10537K, committed 10624K, reserved 1048576K
Event: 11.449 GC heap after
Heap after GC invocations=23 (full 4):
 PSYoungGen      total 944640K, used 54397K [0x000000076c380000, 0x00000007b4a00000, 0x00000007c0000000)
  eden space 838656K, 0% used [0x000000076c380000,0x000000076c380000,0x000000079f680000)
  from space 105984K, 51% used [0x000000079f680000,0x00000007a2b9f798,0x00000007a5e00000)
  to   space 103424K, 0% used [0x00000007ae500000,0x00000007ae500000,0x00000007b4a00000)
 ParOldGen       total 409600K, used 197850K [0x00000006c4a00000, 0x00000006dda00000, 0x000000076c380000)
  object space 409600K, 48% used [0x00000006c4a00000,0x00000006d0b36b40,0x00000006dda00000)
 Metaspace       used 70121K, capacity 71147K, committed 71512K, reserved 1110016K
  class space    used 10228K, capacity 10537K, committed 10624K, reserved 1048576K
}

