# JRE version: OpenJDK Runtime Environment (8.0_412-b08) (build 1.8.0_412-b08)
# Java VM: OpenJDK 64-Bit Server VM (25.412-b08 mixed mode windows-amd64 compressed oops)
Heap:
 PSYoungGen      total 705024K, used 419941K [0x000000076e300000, 0x00000007a0500000, 0x00000007c0000000)
  eden space 647168K, 59% used [0x000000076e300000,0x0000000785d28598,0x0000000795b00000)
  from space 57856K, 56% used [0x0000000799280000,0x000000079b2710c0,0x000000079cb00000)
  to   space 56832K, 0% used [0x0000000795b00000,0x0000000795b00000,0x0000000799280000)
 ParOldGen       total 228352K, used 108288K [0x00000006ca800000, 0x00000006d8700000, 0x000000076e300000)
  object space 228352K, 47% used [0x00000006ca800000,0x00000006d11c00f8,0x00000006d8700000)
 Metaspace       used 53161K, capacity 53765K, committed 54272K, reserved 1095680K
  class space    used 7153K, capacity 7354K, committed 7424K, reserved 1048576K
GC Heap History (10 events):
Event: 4.508 GC heap before
{Heap before GC invocations=11 (full 2):
 PSYoungGen      total 403968K, used 399995K [0x000000076e300000, 0x0000000789780000, 0x00000007c0000000)
  eden space 368128K, 100% used [0x000000076e300000,0x0000000784a80000,0x0000000784a80000)
  from space 35840K, 88% used [0x0000000787180000,0x000000078909ece8,0x0000000789480000)
  to   space 39424K, 0% used [0x0000000784a80000,0x0000000784a80000,0x0000000787100000)
 ParOldGen       total 146432K, used 35813K [0x00000006ca800000, 0x00000006d3700000, 0x000000076e300000)
  object space 146432K, 24% used [0x00000006ca800000,0x00000006ccaf96a0,0x00000006d3700000)
 Metaspace       used 36469K, capacity 36755K, committed 37248K, reserved 1081344K
  class space    used 4830K, capacity 4969K, committed 4992K, reserved 1048576K
Event: 4.524 GC heap after
Heap after GC invocations=11 (full 2):
 PSYoungGen      total 407552K, used 39413K [0x000000076e300000, 0x0000000797b80000, 0x00000007c0000000)
  eden space 368128K, 0% used [0x000000076e300000,0x000000076e300000,0x0000000784a80000)
  from space 39424K, 99% used [0x0000000784a80000,0x00000007870fd450,0x0000000787100000)
  to   space 48640K, 0% used [0x0000000794c00000,0x0000000794c00000,0x0000000797b80000)
 ParOldGen       total 146432K, used 44122K [0x00000006ca800000, 0x00000006d3700000, 0x000000076e300000)
  object space 146432K, 30% used [0x00000006ca800000,0x00000006cd316bc0,0x00000006d3700000)
 Metaspace       used 36469K, capacity 36755K, committed 37248K, reserved 1081344K
  class space    used 4830K, capacity 4969K, committed 4992K, reserved 1048576K
}
Event: 4.712 GC heap before
{Heap before GC invocations=12 (full 2):
 PSYoungGen      total 407552K, used 80960K [0x000000076e300000, 0x0000000797b80000, 0x00000007c0000000)
  eden space 368128K, 11% used [0x000000076e300000,0x0000000770b92da8,0x0000000784a80000)
  from space 39424K, 99% used [0x0000000784a80000,0x00000007870fd450,0x0000000787100000)
  to   space 48640K, 0% used [0x0000000794c00000,0x0000000794c00000,0x0000000797b80000)
 ParOldGen       total 146432K, used 44122K [0x00000006ca800000, 0x00000006d3700000, 0x000000076e300000)
  object space 146432K, 30% used [0x00000006ca800000,0x00000006cd316bc0,0x00000006d3700000)
 Metaspace       used 36764K, capacity 37075K, committed 37336K, reserved 1081344K
  class space    used 4852K, capacity 4969K, committed 4992K, reserved 1048576K
Event: 4.722 GC heap after
Heap after GC invocations=12 (full 2):
 PSYoungGen      total 531968K, used 23761K [0x000000076e300000, 0x0000000796380000, 0x00000007c0000000)
  eden space 507904K, 0% used [0x000000076e300000,0x000000076e300000,0x000000078d300000)
  from space 24064K, 98% used [0x0000000794c00000,0x0000000796334480,0x0000000796380000)
  to   space 46080K, 0% used [0x0000000790980000,0x0000000790980000,0x0000000793680000)
 ParOldGen       total 146432K, used 60293K [0x00000006ca800000, 0x00000006d3700000, 0x000000076e300000)
  object space 146432K, 41% used [0x00000006ca800000,0x00000006ce2e1590,0x00000006d3700000)
 Metaspace       used 36764K, capacity 37075K, committed 37336K, reserved 1081344K
  class space    used 4852K, capacity 4969K, committed 4992K, reserved 1048576K
}
Event: 4.722 GC heap before
{Heap before GC invocations=13 (full 3):
 PSYoungGen      total 531968K, used 23761K [0x000000076e300000, 0x0000000796380000, 0x00000007c0000000)
  eden space 507904K, 0% used [0x000000076e300000,0x000000076e300000,0x000000078d300000)
  from space 24064K, 98% used [0x0000000794c00000,0x0000000796334480,0x0000000796380000)
  to   space 46080K, 0% used [0x0000000790980000,0x0000000790980000,0x0000000793680000)
 ParOldGen       total 146432K, used 60293K [0x00000006ca800000, 0x00000006d3700000, 0x000000076e300000)
  object space 146432K, 41% used [0x00000006ca800000,0x00000006ce2e1590,0x00000006d3700000)
 Metaspace       used 36764K, capacity 37075K, committed 37336K, reserved 1081344K
  class space    used 4852K, capacity 4969K, committed 4992K, reserved 1048576K
Event: 4.852 GC heap after
Heap after GC invocations=13 (full 3):
 PSYoungGen      total 531968K, used 0K [0x000000076e300000, 0x0000000796380000, 0x00000007c0000000)
  eden space 507904K, 0% used [0x000000076e300000,0x000000076e300000,0x000000078d300000)
  from space 24064K, 0% used [0x0000000794c00000,0x0000000794c00000,0x0000000796380000)
  to   space 46080K, 0% used [0x0000000790980000,0x0000000790980000,0x0000000793680000)
 ParOldGen       total 228352K, used 76173K [0x00000006ca800000, 0x00000006d8700000, 0x000000076e300000)
  object space 228352K, 33% used [0x00000006ca800000,0x00000006cf263418,0x00000006d8700000)
 Metaspace       used 36764K, capacity 37075K, committed 37336K, reserved 1081344K
  class space    used 4852K, capacity 4969K, committed 4992K, reserved 1048576K
}
Event: 6.952 GC heap before
{Heap before GC invocations=14 (full 3):
 PSYoungGen      total 531968K, used 507904K [0x000000076e300000, 0x0000000796380000, 0x00000007c0000000)
  eden space 507904K, 100% used [0x000000076e300000,0x000000078d300000,0x000000078d300000)
  from space 24064K, 0% used [0x0000000794c00000,0x0000000794c00000,0x0000000796380000)
  to   space 46080K, 0% used [0x0000000790980000,0x0000000790980000,0x0000000793680000)
 ParOldGen       total 228352K, used 76173K [0x00000006ca800000, 0x00000006d8700000, 0x000000076e300000)
  object space 228352K, 33% used [0x00000006ca800000,0x00000006cf263418,0x00000006d8700000)
 Metaspace       used 41962K, capacity 42417K, committed 42880K, reserved 1087488K
  class space    used 5539K, capacity 5682K, committed 5760K, reserved 1048576K
Event: 6.980 GC heap after
Heap after GC invocations=14 (full 3):
 PSYoungGen      total 609792K, used 46073K [0x000000076e300000, 0x000000079cb00000, 0x00000007c0000000)
  eden space 563712K, 0% used [0x000000076e300000,0x000000076e300000,0x0000000790980000)
  from space 46080K, 99% used [0x0000000790980000,0x000000079367e4f8,0x0000000793680000)
  to   space 57856K, 0% used [0x0000000799280000,0x0000000799280000,0x000000079cb00000)
 ParOldGen       total 228352K, used 91126K [0x00000006ca800000, 0x00000006d8700000, 0x000000076e300000)
  object space 228352K, 39% used [0x00000006ca800000,0x00000006d00fd980,0x00000006d8700000)
 Metaspace       used 41962K, capacity 42417K, committed 42880K, reserved 1087488K
  class space    used 5539K, capacity 5682K, committed 5760K, reserved 1048576K
}
Event: 8.552 GC heap before
{Heap before GC invocations=15 (full 3):
 PSYoungGen      total 609792K, used 609785K [0x000000076e300000, 0x000000079cb00000, 0x00000007c0000000)
  eden space 563712K, 100% used [0x000000076e300000,0x0000000790980000,0x0000000790980000)
  from space 46080K, 99% used [0x0000000790980000,0x000000079367e4f8,0x0000000793680000)
  to   space 57856K, 0% used [0x0000000799280000,0x0000000799280000,0x000000079cb00000)
 ParOldGen       total 228352K, used 91126K [0x00000006ca800000, 0x00000006d8700000, 0x000000076e300000)
  object space 228352K, 39% used [0x00000006ca800000,0x00000006d00fd980,0x00000006d8700000)
 Metaspace       used 50624K, capacity 51107K, committed 51584K, reserved 1093632K
  class space    used 6821K, capacity 6985K, committed 7040K, reserved 1048576K
Event: 8.576 GC heap after
Heap after GC invocations=15 (full 3):
 PSYoungGen      total 705024K, used 32708K [0x000000076e300000, 0x00000007a0500000, 0x00000007c0000000)
  eden space 647168K, 0% used [0x000000076e300000,0x000000076e300000,0x0000000795b00000)
  from space 57856K, 56% used [0x0000000799280000,0x000000079b2710c0,0x000000079cb00000)
  to   space 56832K, 0% used [0x0000000795b00000,0x0000000795b00000,0x0000000799280000)
 ParOldGen       total 228352K, used 108288K [0x00000006ca800000, 0x00000006d8700000, 0x000000076e300000)
  object space 228352K, 47% used [0x00000006ca800000,0x00000006d11c00f8,0x00000006d8700000)
 Metaspace       used 50624K, capacity 51107K, committed 51584K, reserved 1093632K
  class space    used 6821K, capacity 6985K, committed 7040K, reserved 1048576K
}

