# JRE version: OpenJDK Runtime Environment (8.0_412-b08) (build 1.8.0_412-b08)
# Java VM: OpenJDK 64-Bit Server VM (25.412-b08 mixed mode windows-amd64 compressed oops)
Heap:
 PSYoungGen      total 847872K, used 628584K [0x000000076c380000, 0x00000007ade00000, 0x00000007c0000000)
  eden space 751104K, 76% used [0x000000076c380000,0x000000078f784fa0,0x000000079a100000)
  from space 96768K, 52% used [0x000000079a100000,0x000000079d2d5288,0x000000079ff80000)
  to   space 94720K, 0% used [0x00000007a8180000,0x00000007a8180000,0x00000007ade00000)
 ParOldGen       total 423424K, used 193570K [0x00000006c4a00000, 0x00000006de780000, 0x000000076c380000)
  object space 423424K, 45% used [0x00000006c4a00000,0x00000006d0708be0,0x00000006de780000)
 Metaspace       used 71840K, capacity 72973K, committed 73176K, reserved 1112064K
  class space    used 10384K, capacity 10752K, committed 10752K, reserved 1048576K
GC Heap History (10 events):
Event: 8.072 GC heap before
{Heap before GC invocations=19 (full 3):
 PSYoungGen      total 593408K, used 583777K [0x000000076c380000, 0x000000079e400000, 0x00000007c0000000)
  eden space 514048K, 100% used [0x000000076c380000,0x000000078b980000,0x000000078b980000)
  from space 79360K, 87% used [0x000000078b980000,0x000000078fd987c8,0x0000000790700000)
  to   space 88064K, 0% used [0x0000000798e00000,0x0000000798e00000,0x000000079e400000)
 ParOldGen       total 257024K, used 141787K [0x00000006c4a00000, 0x00000006d4500000, 0x000000076c380000)
  object space 257024K, 55% used [0x00000006c4a00000,0x00000006cd476c28,0x00000006d4500000)
 Metaspace       used 59790K, capacity 60639K, committed 61016K, reserved 1101824K
  class space    used 8289K, capacity 8543K, committed 8576K, reserved 1048576K
Event: 8.093 GC heap after
Heap after GC invocations=19 (full 3):
 PSYoungGen      total 717312K, used 88040K [0x000000076c380000, 0x00000007a0380000, 0x00000007c0000000)
  eden space 629248K, 0% used [0x000000076c380000,0x000000076c380000,0x0000000792a00000)
  from space 88064K, 99% used [0x0000000798e00000,0x000000079e3fa078,0x000000079e400000)
  to   space 102400K, 0% used [0x0000000792a00000,0x0000000792a00000,0x0000000798e00000)
 ParOldGen       total 257024K, used 143050K [0x00000006c4a00000, 0x00000006d4500000, 0x000000076c380000)
  object space 257024K, 55% used [0x00000006c4a00000,0x00000006cd5b28b8,0x00000006d4500000)
 Metaspace       used 59790K, capacity 60639K, committed 61016K, reserved 1101824K
  class space    used 8289K, capacity 8543K, committed 8576K, reserved 1048576K
}
Event: 8.365 GC heap before
{Heap before GC invocations=20 (full 3):
 PSYoungGen      total 717312K, used 299266K [0x000000076c380000, 0x00000007a0380000, 0x00000007c0000000)
  eden space 629248K, 33% used [0x000000076c380000,0x00000007791c6b28,0x0000000792a00000)
  from space 88064K, 99% used [0x0000000798e00000,0x000000079e3fa078,0x000000079e400000)
  to   space 102400K, 0% used [0x0000000792a00000,0x0000000792a00000,0x0000000798e00000)
 ParOldGen       total 257024K, used 143050K [0x00000006c4a00000, 0x00000006d4500000, 0x000000076c380000)
  object space 257024K, 55% used [0x00000006c4a00000,0x00000006cd5b28b8,0x00000006d4500000)
 Metaspace       used 61092K, capacity 61961K, committed 62228K, reserved 1103872K
  class space    used 8517K, capacity 8802K, committed 8832K, reserved 1048576K
Event: 8.379 GC heap after
Heap after GC invocations=20 (full 3):
 PSYoungGen      total 731648K, used 51435K [0x000000076c380000, 0x00000007a9f80000, 0x00000007c0000000)
  eden space 629248K, 0% used [0x000000076c380000,0x000000076c380000,0x0000000792a00000)
  from space 102400K, 50% used [0x0000000792a00000,0x0000000795c3af50,0x0000000798e00000)
  to   space 99328K, 0% used [0x00000007a3e80000,0x00000007a3e80000,0x00000007a9f80000)
 ParOldGen       total 257024K, used 182203K [0x00000006c4a00000, 0x00000006d4500000, 0x000000076c380000)
  object space 257024K, 70% used [0x00000006c4a00000,0x00000006cfbeeca0,0x00000006d4500000)
 Metaspace       used 61092K, capacity 61961K, committed 62228K, reserved 1103872K
  class space    used 8517K, capacity 8802K, committed 8832K, reserved 1048576K
}
Event: 8.379 GC heap before
{Heap before GC invocations=21 (full 4):
 PSYoungGen      total 731648K, used 51435K [0x000000076c380000, 0x00000007a9f80000, 0x00000007c0000000)
  eden space 629248K, 0% used [0x000000076c380000,0x000000076c380000,0x0000000792a00000)
  from space 102400K, 50% used [0x0000000792a00000,0x0000000795c3af50,0x0000000798e00000)
  to   space 99328K, 0% used [0x00000007a3e80000,0x00000007a3e80000,0x00000007a9f80000)
 ParOldGen       total 257024K, used 182203K [0x00000006c4a00000, 0x00000006d4500000, 0x000000076c380000)
  object space 257024K, 70% used [0x00000006c4a00000,0x00000006cfbeeca0,0x00000006d4500000)
 Metaspace       used 61092K, capacity 61961K, committed 62228K, reserved 1103872K
  class space    used 8517K, capacity 8802K, committed 8832K, reserved 1048576K
Event: 8.465 GC heap after
Heap after GC invocations=21 (full 4):
 PSYoungGen      total 731648K, used 0K [0x000000076c380000, 0x00000007a9f80000, 0x00000007c0000000)
  eden space 629248K, 0% used [0x000000076c380000,0x000000076c380000,0x0000000792a00000)
  from space 102400K, 0% used [0x0000000792a00000,0x0000000792a00000,0x0000000798e00000)
  to   space 99328K, 0% used [0x00000007a3e80000,0x00000007a3e80000,0x00000007a9f80000)
 ParOldGen       total 423424K, used 193554K [0x00000006c4a00000, 0x00000006de780000, 0x000000076c380000)
  object space 423424K, 45% used [0x00000006c4a00000,0x00000006d0704be0,0x00000006de780000)
 Metaspace       used 61087K, capacity 61949K, committed 62228K, reserved 1103872K
  class space    used 8516K, capacity 8800K, committed 8832K, reserved 1048576K
}
Event: 9.270 GC heap before
{Heap before GC invocations=22 (full 4):
 PSYoungGen      total 731648K, used 629248K [0x000000076c380000, 0x00000007a9f80000, 0x00000007c0000000)
  eden space 629248K, 100% used [0x000000076c380000,0x0000000792a00000,0x0000000792a00000)
  from space 102400K, 0% used [0x0000000792a00000,0x0000000792a00000,0x0000000798e00000)
  to   space 99328K, 0% used [0x00000007a3e80000,0x00000007a3e80000,0x00000007a9f80000)
 ParOldGen       total 423424K, used 193554K [0x00000006c4a00000, 0x00000006de780000, 0x000000076c380000)
  object space 423424K, 45% used [0x00000006c4a00000,0x00000006d0704be0,0x00000006de780000)
 Metaspace       used 64811K, capacity 65771K, committed 66008K, reserved 1105920K
  class space    used 9201K, capacity 9471K, committed 9472K, reserved 1048576K
Event: 9.278 GC heap after
Heap after GC invocations=22 (full 4):
 PSYoungGen      total 783360K, used 27183K [0x000000076c380000, 0x00000007a5e00000, 0x00000007c0000000)
  eden space 751104K, 0% used [0x000000076c380000,0x000000076c380000,0x000000079a100000)
  from space 32256K, 84% used [0x00000007a3e80000,0x00000007a590bc20,0x00000007a5e00000)
  to   space 96768K, 0% used [0x000000079a100000,0x000000079a100000,0x000000079ff80000)
 ParOldGen       total 423424K, used 193562K [0x00000006c4a00000, 0x00000006de780000, 0x000000076c380000)
  object space 423424K, 45% used [0x00000006c4a00000,0x00000006d0706be0,0x00000006de780000)
 Metaspace       used 64811K, capacity 65771K, committed 66008K, reserved 1105920K
  class space    used 9201K, capacity 9471K, committed 9472K, reserved 1048576K
}
Event: 10.013 GC heap before
{Heap before GC invocations=23 (full 4):
 PSYoungGen      total 783360K, used 778287K [0x000000076c380000, 0x00000007a5e00000, 0x00000007c0000000)
  eden space 751104K, 100% used [0x000000076c380000,0x000000079a100000,0x000000079a100000)
  from space 32256K, 84% used [0x00000007a3e80000,0x00000007a590bc20,0x00000007a5e00000)
  to   space 96768K, 0% used [0x000000079a100000,0x000000079a100000,0x000000079ff80000)
 ParOldGen       total 423424K, used 193562K [0x00000006c4a00000, 0x00000006de780000, 0x000000076c380000)
  object space 423424K, 45% used [0x00000006c4a00000,0x00000006d0706be0,0x00000006de780000)
 Metaspace       used 69065K, capacity 70083K, committed 70488K, reserved 1110016K
  class space    used 10023K, capacity 10335K, committed 10368K, reserved 1048576K
Event: 10.022 GC heap after
Heap after GC invocations=23 (full 4):
 PSYoungGen      total 847872K, used 51028K [0x000000076c380000, 0x00000007ade00000, 0x00000007c0000000)
  eden space 751104K, 0% used [0x000000076c380000,0x000000076c380000,0x000000079a100000)
  from space 96768K, 52% used [0x000000079a100000,0x000000079d2d5288,0x000000079ff80000)
  to   space 94720K, 0% used [0x00000007a8180000,0x00000007a8180000,0x00000007ade00000)
 ParOldGen       total 423424K, used 193570K [0x00000006c4a00000, 0x00000006de780000, 0x000000076c380000)
  object space 423424K, 45% used [0x00000006c4a00000,0x00000006d0708be0,0x00000006de780000)
 Metaspace       used 69065K, capacity 70083K, committed 70488K, reserved 1110016K
  class space    used 10023K, capacity 10335K, committed 10368K, reserved 1048576K
}

