# JRE version: OpenJDK Runtime Environment (8.0_412-b08) (build 1.8.0_412-b08)
# Java VM: OpenJDK 64-Bit Server VM (25.412-b08 mixed mode windows-amd64 compressed oops)
Heap:
 PSYoungGen      total 986624K, used 239683K [0x000000076e300000, 0x00000007b4380000, 0x00000007c0000000)
  eden space 942080K, 20% used [0x000000076e300000,0x000000077a1b3d08,0x00000007a7b00000)
  from space 44544K, 99% used [0x00000007b1800000,0x00000007b435d158,0x00000007b4380000)
  to   space 88576K, 0% used [0x00000007a9680000,0x00000007a9680000,0x00000007aed00000)
 ParOldGen       total 421376K, used 207878K [0x00000006ca800000, 0x00000006e4380000, 0x000000076e300000)
  object space 421376K, 49% used [0x00000006ca800000,0x00000006d7301a28,0x00000006e4380000)
 Metaspace       used 69922K, capacity 70959K, committed 71384K, reserved 1110016K
  class space    used 10063K, capacity 10381K, committed 10496K, reserved 1048576K
GC Heap History (10 events):
Event: 16.295 GC heap before
{Heap before GC invocations=18 (full 3):
 PSYoungGen      total 763392K, used 763369K [0x000000076e300000, 0x00000007a2b00000, 0x00000007c0000000)
  eden space 693248K, 100% used [0x000000076e300000,0x0000000798800000,0x0000000798800000)
  from space 70144K, 99% used [0x000000079d700000,0x00000007a1b7a690,0x00000007a1b80000)
  to   space 80896K, 0% used [0x0000000798800000,0x0000000798800000,0x000000079d700000)
 ParOldGen       total 246272K, used 115766K [0x00000006ca800000, 0x00000006d9880000, 0x000000076e300000)
  object space 246272K, 47% used [0x00000006ca800000,0x00000006d190dae8,0x00000006d9880000)
 Metaspace       used 57692K, capacity 58453K, committed 58840K, reserved 1099776K
  class space    used 7898K, capacity 8114K, committed 8192K, reserved 1048576K
Event: 16.333 GC heap after
Heap after GC invocations=18 (full 3):
 PSYoungGen      total 774144K, used 59138K [0x000000076e300000, 0x00000007abe80000, 0x00000007c0000000)
  eden space 693248K, 0% used [0x000000076e300000,0x000000076e300000,0x0000000798800000)
  from space 80896K, 73% used [0x0000000798800000,0x000000079c1c0b08,0x000000079d700000)
  to   space 85504K, 0% used [0x00000007a6b00000,0x00000007a6b00000,0x00000007abe80000)
 ParOldGen       total 246272K, used 152016K [0x00000006ca800000, 0x00000006d9880000, 0x000000076e300000)
  object space 246272K, 61% used [0x00000006ca800000,0x00000006d3c74260,0x00000006d9880000)
 Metaspace       used 57692K, capacity 58453K, committed 58840K, reserved 1099776K
  class space    used 7898K, capacity 8114K, committed 8192K, reserved 1048576K
}
Event: 18.043 GC heap before
{Heap before GC invocations=19 (full 3):
 PSYoungGen      total 774144K, used 653409K [0x000000076e300000, 0x00000007abe80000, 0x00000007c0000000)
  eden space 693248K, 85% used [0x000000076e300000,0x0000000792757990,0x0000000798800000)
  from space 80896K, 73% used [0x0000000798800000,0x000000079c1c0b08,0x000000079d700000)
  to   space 85504K, 0% used [0x00000007a6b00000,0x00000007a6b00000,0x00000007abe80000)
 ParOldGen       total 246272K, used 152016K [0x00000006ca800000, 0x00000006d9880000, 0x000000076e300000)
  object space 246272K, 61% used [0x00000006ca800000,0x00000006d3c74260,0x00000006d9880000)
 Metaspace       used 60973K, capacity 61789K, committed 62228K, reserved 1103872K
  class space    used 8483K, capacity 8752K, committed 8832K, reserved 1048576K
Event: 18.070 GC heap after
Heap after GC invocations=19 (full 3):
 PSYoungGen      total 915968K, used 77180K [0x000000076e300000, 0x00000007ad000000, 0x00000007c0000000)
  eden space 830464K, 0% used [0x000000076e300000,0x000000076e300000,0x00000007a0e00000)
  from space 85504K, 90% used [0x00000007a6b00000,0x00000007ab65f1b0,0x00000007abe80000)
  to   space 95232K, 0% used [0x00000007a0e00000,0x00000007a0e00000,0x00000007a6b00000)
 ParOldGen       total 246272K, used 152024K [0x00000006ca800000, 0x00000006d9880000, 0x000000076e300000)
  object space 246272K, 61% used [0x00000006ca800000,0x00000006d3c76260,0x00000006d9880000)
 Metaspace       used 60973K, capacity 61789K, committed 62228K, reserved 1103872K
  class space    used 8483K, capacity 8752K, committed 8832K, reserved 1048576K
}
Event: 18.070 GC heap before
{Heap before GC invocations=20 (full 4):
 PSYoungGen      total 915968K, used 77180K [0x000000076e300000, 0x00000007ad000000, 0x00000007c0000000)
  eden space 830464K, 0% used [0x000000076e300000,0x000000076e300000,0x00000007a0e00000)
  from space 85504K, 90% used [0x00000007a6b00000,0x00000007ab65f1b0,0x00000007abe80000)
  to   space 95232K, 0% used [0x00000007a0e00000,0x00000007a0e00000,0x00000007a6b00000)
 ParOldGen       total 246272K, used 152024K [0x00000006ca800000, 0x00000006d9880000, 0x000000076e300000)
  object space 246272K, 61% used [0x00000006ca800000,0x00000006d3c76260,0x00000006d9880000)
 Metaspace       used 60973K, capacity 61789K, committed 62228K, reserved 1103872K
  class space    used 8483K, capacity 8752K, committed 8832K, reserved 1048576K
Event: 18.251 GC heap after
Heap after GC invocations=20 (full 4):
 PSYoungGen      total 915968K, used 0K [0x000000076e300000, 0x00000007ad000000, 0x00000007c0000000)
  eden space 830464K, 0% used [0x000000076e300000,0x000000076e300000,0x00000007a0e00000)
  from space 85504K, 0% used [0x00000007a6b00000,0x00000007a6b00000,0x00000007abe80000)
  to   space 95232K, 0% used [0x00000007a0e00000,0x00000007a0e00000,0x00000007a6b00000)
 ParOldGen       total 421376K, used 207862K [0x00000006ca800000, 0x00000006e4380000, 0x000000076e300000)
  object space 421376K, 49% used [0x00000006ca800000,0x00000006d72fda28,0x00000006e4380000)
 Metaspace       used 60964K, capacity 61771K, committed 62228K, reserved 1103872K
  class space    used 8481K, capacity 8749K, committed 8832K, reserved 1048576K
}
Event: 19.781 GC heap before
{Heap before GC invocations=21 (full 4):
 PSYoungGen      total 915968K, used 830464K [0x000000076e300000, 0x00000007ad000000, 0x00000007c0000000)
  eden space 830464K, 100% used [0x000000076e300000,0x00000007a0e00000,0x00000007a0e00000)
  from space 85504K, 0% used [0x00000007a6b00000,0x00000007a6b00000,0x00000007abe80000)
  to   space 95232K, 0% used [0x00000007a0e00000,0x00000007a0e00000,0x00000007a6b00000)
 ParOldGen       total 421376K, used 207862K [0x00000006ca800000, 0x00000006e4380000, 0x000000076e300000)
  object space 421376K, 49% used [0x00000006ca800000,0x00000006d72fda28,0x00000006e4380000)
 Metaspace       used 64670K, capacity 65625K, committed 66136K, reserved 1105920K
  class space    used 9182K, capacity 9496K, committed 9600K, reserved 1048576K
Event: 19.796 GC heap after
Heap after GC invocations=21 (full 4):
 PSYoungGen      total 925696K, used 26596K [0x000000076e300000, 0x00000007b7200000, 0x00000007c0000000)
  eden space 830464K, 0% used [0x000000076e300000,0x000000076e300000,0x00000007a0e00000)
  from space 95232K, 27% used [0x00000007a0e00000,0x00000007a27f9398,0x00000007a6b00000)
  to   space 92160K, 0% used [0x00000007b1800000,0x00000007b1800000,0x00000007b7200000)
 ParOldGen       total 421376K, used 207870K [0x00000006ca800000, 0x00000006e4380000, 0x000000076e300000)
  object space 421376K, 49% used [0x00000006ca800000,0x00000006d72ffa28,0x00000006e4380000)
 Metaspace       used 64670K, capacity 65625K, committed 66136K, reserved 1105920K
  class space    used 9182K, capacity 9496K, committed 9600K, reserved 1048576K
}
Event: 22.348 GC heap before
{Heap before GC invocations=22 (full 4):
 PSYoungGen      total 925696K, used 857060K [0x000000076e300000, 0x00000007b7200000, 0x00000007c0000000)
  eden space 830464K, 100% used [0x000000076e300000,0x00000007a0e00000,0x00000007a0e00000)
  from space 95232K, 27% used [0x00000007a0e00000,0x00000007a27f9398,0x00000007a6b00000)
  to   space 92160K, 0% used [0x00000007b1800000,0x00000007b1800000,0x00000007b7200000)
 ParOldGen       total 421376K, used 207870K [0x00000006ca800000, 0x00000006e4380000, 0x000000076e300000)
  object space 421376K, 49% used [0x00000006ca800000,0x00000006d72ffa28,0x00000006e4380000)
 Metaspace       used 69104K, capacity 70123K, committed 70744K, reserved 1110016K
  class space    used 9983K, capacity 10279K, committed 10368K, reserved 1048576K
Event: 22.370 GC heap after
Heap after GC invocations=22 (full 4):
 PSYoungGen      total 986624K, used 44404K [0x000000076e300000, 0x00000007b4380000, 0x00000007c0000000)
  eden space 942080K, 0% used [0x000000076e300000,0x000000076e300000,0x00000007a7b00000)
  from space 44544K, 99% used [0x00000007b1800000,0x00000007b435d158,0x00000007b4380000)
  to   space 88576K, 0% used [0x00000007a9680000,0x00000007a9680000,0x00000007aed00000)
 ParOldGen       total 421376K, used 207878K [0x00000006ca800000, 0x00000006e4380000, 0x000000076e300000)
  object space 421376K, 49% used [0x00000006ca800000,0x00000006d7301a28,0x00000006e4380000)
 Metaspace       used 69104K, capacity 70123K, committed 70744K, reserved 1110016K
  class space    used 9983K, capacity 10279K, committed 10368K, reserved 1048576K
}

