# JRE version: OpenJDK Runtime Environment (8.0_412-b08) (build 1.8.0_412-b08)
# Java VM: OpenJDK 64-Bit Server VM (25.412-b08 mixed mode windows-amd64 compressed oops)
Heap:
 PSYoungGen      total 1159168K, used 278520K [0x000000076e300000, 0x00000007c0000000, 0x00000007c0000000)
  eden space 1067520K, 17% used [0x000000076e300000,0x0000000779c41fc0,0x00000007af580000)
  from space 91648K, 96% used [0x00000007af580000,0x00000007b4c3c1f8,0x00000007b4f00000)
  to   space 103424K, 0% used [0x00000007b9b00000,0x00000007b9b00000,0x00000007c0000000)
 ParOldGen       total 412160K, used 203201K [0x00000006ca800000, 0x00000006e3a80000, 0x000000076e300000)
  object space 412160K, 49% used [0x00000006ca800000,0x00000006d6e70670,0x00000006e3a80000)
 Metaspace       used 75098K, capacity 76112K, committed 76504K, reserved 1114112K
  class space    used 11190K, capacity 11499K, committed 11520K, reserved 1048576K
GC Heap History (10 events):
Event: 26.401 GC heap before
{Heap before GC invocations=19 (full 3):
 PSYoungGen      total 811008K, used 572487K [0x000000076e300000, 0x00000007af580000, 0x00000007c0000000)
  eden space 728064K, 70% used [0x000000076e300000,0x000000078d605610,0x000000079aa00000)
  from space 82944K, 74% used [0x000000079aa00000,0x000000079e60c950,0x000000079fb00000)
  to   space 87552K, 0% used [0x00000007aa000000,0x00000007aa000000,0x00000007af580000)
 ParOldGen       total 243712K, used 153077K [0x00000006ca800000, 0x00000006d9600000, 0x000000076e300000)
  object space 243712K, 62% used [0x00000006ca800000,0x00000006d3d7d530,0x00000006d9600000)
 Metaspace       used 61081K, capacity 61870K, committed 62228K, reserved 1103872K
  class space    used 8504K, capacity 8776K, committed 8832K, reserved 1048576K
Event: 26.432 GC heap after
Heap after GC invocations=19 (full 3):
 PSYoungGen      total 972288K, used 72314K [0x000000076e300000, 0x00000007b0280000, 0x00000007c0000000)
  eden space 884736K, 0% used [0x000000076e300000,0x000000076e300000,0x00000007a4300000)
  from space 87552K, 82% used [0x00000007aa000000,0x00000007ae69eb00,0x00000007af580000)
  to   space 95232K, 0% used [0x00000007a4300000,0x00000007a4300000,0x00000007aa000000)
 ParOldGen       total 243712K, used 153085K [0x00000006ca800000, 0x00000006d9600000, 0x000000076e300000)
  object space 243712K, 62% used [0x00000006ca800000,0x00000006d3d7f530,0x00000006d9600000)
 Metaspace       used 61081K, capacity 61870K, committed 62228K, reserved 1103872K
  class space    used 8504K, capacity 8776K, committed 8832K, reserved 1048576K
}
Event: 26.432 GC heap before
{Heap before GC invocations=20 (full 4):
 PSYoungGen      total 972288K, used 72314K [0x000000076e300000, 0x00000007b0280000, 0x00000007c0000000)
  eden space 884736K, 0% used [0x000000076e300000,0x000000076e300000,0x00000007a4300000)
  from space 87552K, 82% used [0x00000007aa000000,0x00000007ae69eb00,0x00000007af580000)
  to   space 95232K, 0% used [0x00000007a4300000,0x00000007a4300000,0x00000007aa000000)
 ParOldGen       total 243712K, used 153085K [0x00000006ca800000, 0x00000006d9600000, 0x000000076e300000)
  object space 243712K, 62% used [0x00000006ca800000,0x00000006d3d7f530,0x00000006d9600000)
 Metaspace       used 61081K, capacity 61870K, committed 62228K, reserved 1103872K
  class space    used 8504K, capacity 8776K, committed 8832K, reserved 1048576K
Event: 26.667 GC heap after
Heap after GC invocations=20 (full 4):
 PSYoungGen      total 972288K, used 0K [0x000000076e300000, 0x00000007b0280000, 0x00000007c0000000)
  eden space 884736K, 0% used [0x000000076e300000,0x000000076e300000,0x00000007a4300000)
  from space 87552K, 0% used [0x00000007aa000000,0x00000007aa000000,0x00000007af580000)
  to   space 95232K, 0% used [0x00000007a4300000,0x00000007a4300000,0x00000007aa000000)
 ParOldGen       total 412160K, used 203177K [0x00000006ca800000, 0x00000006e3a80000, 0x000000076e300000)
  object space 412160K, 49% used [0x00000006ca800000,0x00000006d6e6a670,0x00000006e3a80000)
 Metaspace       used 61066K, capacity 61840K, committed 62228K, reserved 1103872K
  class space    used 8501K, capacity 8771K, committed 8832K, reserved 1048576K
}
Event: 30.468 GC heap before
{Heap before GC invocations=21 (full 4):
 PSYoungGen      total 972288K, used 884736K [0x000000076e300000, 0x00000007b0280000, 0x00000007c0000000)
  eden space 884736K, 100% used [0x000000076e300000,0x00000007a4300000,0x00000007a4300000)
  from space 87552K, 0% used [0x00000007aa000000,0x00000007aa000000,0x00000007af580000)
  to   space 95232K, 0% used [0x00000007a4300000,0x00000007a4300000,0x00000007aa000000)
 ParOldGen       total 412160K, used 203177K [0x00000006ca800000, 0x00000006e3a80000, 0x000000076e300000)
  object space 412160K, 49% used [0x00000006ca800000,0x00000006d6e6a670,0x00000006e3a80000)
 Metaspace       used 65876K, capacity 66758K, committed 67288K, reserved 1105920K
  class space    used 9656K, capacity 9926K, committed 9984K, reserved 1048576K
Event: 30.523 GC heap after
Heap after GC invocations=21 (full 4):
 PSYoungGen      total 979968K, used 41327K [0x000000076e300000, 0x00000007bc600000, 0x00000007c0000000)
  eden space 884736K, 0% used [0x000000076e300000,0x000000076e300000,0x00000007a4300000)
  from space 95232K, 43% used [0x00000007a4300000,0x00000007a6b5bdc8,0x00000007aa000000)
  to   space 90112K, 0% used [0x00000007b6e00000,0x00000007b6e00000,0x00000007bc600000)
 ParOldGen       total 412160K, used 203185K [0x00000006ca800000, 0x00000006e3a80000, 0x000000076e300000)
  object space 412160K, 49% used [0x00000006ca800000,0x00000006d6e6c670,0x00000006e3a80000)
 Metaspace       used 65876K, capacity 66758K, committed 67288K, reserved 1105920K
  class space    used 9656K, capacity 9926K, committed 9984K, reserved 1048576K
}
Event: 33.561 GC heap before
{Heap before GC invocations=22 (full 4):
 PSYoungGen      total 979968K, used 926063K [0x000000076e300000, 0x00000007bc600000, 0x00000007c0000000)
  eden space 884736K, 100% used [0x000000076e300000,0x00000007a4300000,0x00000007a4300000)
  from space 95232K, 43% used [0x00000007a4300000,0x00000007a6b5bdc8,0x00000007aa000000)
  to   space 90112K, 0% used [0x00000007b6e00000,0x00000007b6e00000,0x00000007bc600000)
 ParOldGen       total 412160K, used 203185K [0x00000006ca800000, 0x00000006e3a80000, 0x000000076e300000)
  object space 412160K, 49% used [0x00000006ca800000,0x00000006d6e6c670,0x00000006e3a80000)
 Metaspace       used 70032K, capacity 70910K, committed 71512K, reserved 1110016K
  class space    used 10509K, capacity 10786K, committed 10880K, reserved 1048576K
Event: 33.593 GC heap after
Heap after GC invocations=22 (full 4):
 PSYoungGen      total 1082880K, used 59435K [0x000000076e300000, 0x00000007ba880000, 0x00000007c0000000)
  eden space 1022976K, 0% used [0x000000076e300000,0x000000076e300000,0x00000007aca00000)
  from space 59904K, 99% used [0x00000007b6e00000,0x00000007ba80aff0,0x00000007ba880000)
  to   space 91648K, 0% used [0x00000007af580000,0x00000007af580000,0x00000007b4f00000)
 ParOldGen       total 412160K, used 203193K [0x00000006ca800000, 0x00000006e3a80000, 0x000000076e300000)
  object space 412160K, 49% used [0x00000006ca800000,0x00000006d6e6e670,0x00000006e3a80000)
 Metaspace       used 70032K, capacity 70910K, committed 71512K, reserved 1110016K
  class space    used 10509K, capacity 10786K, committed 10880K, reserved 1048576K
}
Event: 40.164 GC heap before
{Heap before GC invocations=23 (full 4):
 PSYoungGen      total 1082880K, used 1082411K [0x000000076e300000, 0x00000007ba880000, 0x00000007c0000000)
  eden space 1022976K, 100% used [0x000000076e300000,0x00000007aca00000,0x00000007aca00000)
  from space 59904K, 99% used [0x00000007b6e00000,0x00000007ba80aff0,0x00000007ba880000)
  to   space 91648K, 0% used [0x00000007af580000,0x00000007af580000,0x00000007b4f00000)
 ParOldGen       total 412160K, used 203193K [0x00000006ca800000, 0x00000006e3a80000, 0x000000076e300000)
  object space 412160K, 49% used [0x00000006ca800000,0x00000006d6e6e670,0x00000006e3a80000)
 Metaspace       used 75053K, capacity 75984K, committed 76504K, reserved 1114112K
  class space    used 11189K, capacity 11499K, committed 11520K, reserved 1048576K
Event: 40.227 GC heap after
Heap after GC invocations=23 (full 4):
 PSYoungGen      total 1159168K, used 88816K [0x000000076e300000, 0x00000007c0000000, 0x00000007c0000000)
  eden space 1067520K, 0% used [0x000000076e300000,0x000000076e300000,0x00000007af580000)
  from space 91648K, 96% used [0x00000007af580000,0x00000007b4c3c1f8,0x00000007b4f00000)
  to   space 103424K, 0% used [0x00000007b9b00000,0x00000007b9b00000,0x00000007c0000000)
 ParOldGen       total 412160K, used 203201K [0x00000006ca800000, 0x00000006e3a80000, 0x000000076e300000)
  object space 412160K, 49% used [0x00000006ca800000,0x00000006d6e70670,0x00000006e3a80000)
 Metaspace       used 75053K, capacity 75984K, committed 76504K, reserved 1114112K
  class space    used 11189K, capacity 11499K, committed 11520K, reserved 1048576K
}

